<?xml version="1.0" encoding="UTF-8"?>
<!-- Generated by org.testng.reporters.JUnitReportReporter -->
<testsuite hostname="AVINASH" name="testcases.TC_01" tests="1" failures="0" timestamp="17 Jan 2020 04:55:52 GMT" time="18.832" errors="0">
  <testcase name="validateSuccessfullTransaction" time="18.832" classname="testcases.TC_01"/>
</testsuite> <!-- testcases.TC_01 -->
